<?xml version="1.0" encoding="UTF-8"?>
<!-- Generated by org.testng.reporters.JUnitReportReporter -->
<testsuite hostname="IN-PG02NKDN" failures="0" tests="1" name="com.qa.opencart.tests.AccountPageTest" time="0.019" errors="0" timestamp="2022-02-16T16:23:54 IST" skipped="0">
  <testcase classname="com.qa.opencart.tests.AccountPageTest" name="acctHomePageTitleTest" time="0.019"/>
  <system-out/>
</testsuite> <!-- com.qa.opencart.tests.AccountPageTest -->
