<?xml version="1.0" encoding="UTF-8"?>
<!-- Generated by org.testng.reporters.JUnitReportReporter -->
<testsuite hostname="IN-PG02NKDN" failures="0" tests="3" name="com.qa.opencart.tests.LoginPageTest" time="3.019" errors="0" timestamp="2022-02-15T16:52:13 IST" skipped="0">
  <testcase classname="com.qa.opencart.tests.LoginPageTest" name="loginPageTitleTest" time="0.010"/>
  <system-out/>
  <testcase classname="com.qa.opencart.tests.LoginPageTest" name="forgotPasswordLinkTest" time="0.060"/>
  <system-out/>
  <testcase classname="com.qa.opencart.tests.LoginPageTest" name="doLoginTest" time="2.949"/>
  <system-out/>
</testsuite> <!-- com.qa.opencart.tests.LoginPageTest -->
